<?xml version="1.0" encoding="UTF-8"?>
<coverage generated="1674692315070" clover="3.2.0">
  <project timestamp="1674692315071" name="All files">
    <metrics statements="4" coveredstatements="4" conditionals="4" coveredconditionals="4" methods="1" coveredmethods="1" elements="9" coveredelements="9" complexity="0" loc="4" ncloc="4" packages="1" files="1" classes="1"/>
    <file name="sum.js" path="/home/thalissonzpyg/turma-29-b/trybe-exercicios/fundamentos/secao-07-Introdução-à-JavaScript-ES6-e-Testes-Unitários/dia-03-Matchers-e-cobertura-de-codigo/exercícios, agora a pratica/sum.js">
      <metrics statements="4" coveredstatements="4" conditionals="4" coveredconditionals="4" methods="1" coveredmethods="1"/>
      <line num="2" count="3" type="cond" truecount="4" falsecount="0"/>
      <line num="3" count="1" type="stmt"/>
      <line num="6" count="2" type="stmt"/>
      <line num="9" count="1" type="stmt"/>
    </file>
  </project>
</coverage>
