{"/home/thalissonzpyg/turma-29-b/trybe-exercicios/fundamentos/secao-07-Introdução-à-JavaScript-ES6-e-Testes-Unitários/dia-03-Matchers-e-cobertura-de-codigo/exercícios, agora a pratica/sum.js": {"path":"/home/thalissonzpyg/turma-29-b/trybe-exercicios/fundamentos/secao-07-Introdução-à-JavaScript-ES6-e-Testes-Unitários/dia-03-Matchers-e-cobertura-de-codigo/exercícios, agora a pratica/sum.js","statementMap":{"0":{"start":{"line":2,"column":2},"end":{"line":4,"column":3}},"1":{"start":{"line":3,"column":6},"end":{"line":3,"column":52}},"2":{"start":{"line":6,"column":2},"end":{"line":6,"column":15}},"3":{"start":{"line":9,"column":0},"end":{"line":9,"column":21}}},"fnMap":{"0":{"name":"sum","decl":{"start":{"line":1,"column":9},"end":{"line":1,"column":12}},"loc":{"start":{"line":1,"column":19},"end":{"line":7,"column":1}},"line":1}},"branchMap":{"0":{"loc":{"start":{"line":2,"column":2},"end":{"line":4,"column":3}},"type":"if","locations":[{"start":{"line":2,"column":2},"end":{"line":4,"column":3}},{"start":{},"end":{}}],"line":2},"1":{"loc":{"start":{"line":2,"column":6},"end":{"line":2,"column":52}},"type":"binary-expr","locations":[{"start":{"line":2,"column":6},"end":{"line":2,"column":27}},{"start":{"line":2,"column":31},"end":{"line":2,"column":52}}],"line":2}},"s":{"0":3,"1":1,"2":2,"3":1},"f":{"0":3},"b":{"0":[1,2],"1":[3,3]},"_coverageSchema":"1a1c01bbd47fc00a2c39e90264f33305004495a9","hash":"83096794d02633541237e1703f75c64dda070c67"}
}
